[INFO  - 2018-06-07T21:57:13.883Z] GhostDriver - Main - running on port 28073
[INFO  - 2018-06-07T21:57:14.418Z] Session [bcc384e0-6a9d-11e8-a05c-5f2c41779247] - page.settings - {"XSSAuditingEnabled":false,"javascriptCanCloseWindows":true,"javascriptCanOpenWindows":true,"javascriptEnabled":true,"loadImages":true,"localToRemoteUrlAccessEnabled":false,"userAgent":"Mozilla/5.0 (Windows NT 6.2; WOW64) AppleWebKit/538.1 (KHTML, like Gecko) PhantomJS/2.1.1 Safari/538.1","webSecurityEnabled":true}
[INFO  - 2018-06-07T21:57:14.419Z] Session [bcc384e0-6a9d-11e8-a05c-5f2c41779247] - page.customHeaders:  - {}
[INFO  - 2018-06-07T21:57:14.419Z] Session [bcc384e0-6a9d-11e8-a05c-5f2c41779247] - Session.negotiatedCapabilities - {"browserName":"phantomjs","version":"2.1.1","driverName":"ghostdriver","driverVersion":"1.2.0","platform":"windows-10-32bit","javascriptEnabled":true,"takesScreenshot":true,"handlesAlerts":false,"databaseEnabled":false,"locationContextEnabled":false,"applicationCacheEnabled":false,"browserConnectionEnabled":false,"cssSelectorsEnabled":true,"webStorageEnabled":false,"rotatable":false,"acceptSslCerts":false,"nativeEvents":true,"proxy":{"proxyType":"direct"}}
[INFO  - 2018-06-07T21:57:14.419Z] SessionManagerReqHand - _postNewSessionCommand - New Session Created: bcc384e0-6a9d-11e8-a05c-5f2c41779247
[INFO  - 2018-06-07T21:57:25.936Z] ShutdownReqHand - _handle - About to shutdown
[INFO  - 2018-06-07T21:57:27.935Z] GhostDriver - Main - running on port 2124
[INFO  - 2018-06-07T21:57:28.088Z] Session [c4e93e30-6a9d-11e8-b1ee-cf5bd12937ac] - page.settings - {"XSSAuditingEnabled":false,"javascriptCanCloseWindows":true,"javascriptCanOpenWindows":true,"javascriptEnabled":true,"loadImages":true,"localToRemoteUrlAccessEnabled":false,"userAgent":"Mozilla/5.0 (Windows NT 6.2; WOW64) AppleWebKit/538.1 (KHTML, like Gecko) PhantomJS/2.1.1 Safari/538.1","webSecurityEnabled":true}
[INFO  - 2018-06-07T21:57:28.088Z] Session [c4e93e30-6a9d-11e8-b1ee-cf5bd12937ac] - page.customHeaders:  - {}
[INFO  - 2018-06-07T21:57:28.088Z] Session [c4e93e30-6a9d-11e8-b1ee-cf5bd12937ac] - Session.negotiatedCapabilities - {"browserName":"phantomjs","version":"2.1.1","driverName":"ghostdriver","driverVersion":"1.2.0","platform":"windows-10-32bit","javascriptEnabled":true,"takesScreenshot":true,"handlesAlerts":false,"databaseEnabled":false,"locationContextEnabled":false,"applicationCacheEnabled":false,"browserConnectionEnabled":false,"cssSelectorsEnabled":true,"webStorageEnabled":false,"rotatable":false,"acceptSslCerts":false,"nativeEvents":true,"proxy":{"proxyType":"direct"}}
[INFO  - 2018-06-07T21:57:28.088Z] SessionManagerReqHand - _postNewSessionCommand - New Session Created: c4e93e30-6a9d-11e8-b1ee-cf5bd12937ac
[INFO  - 2018-06-07T21:57:50.533Z] ShutdownReqHand - _handle - About to shutdown
[INFO  - 2018-06-07T21:58:17.613Z] GhostDriver - Main - running on port 20690
[INFO  - 2018-06-07T21:58:17.981Z] Session [e2a67690-6a9d-11e8-9a30-15a1ec5f9ae5] - page.settings - {"XSSAuditingEnabled":false,"javascriptCanCloseWindows":true,"javascriptCanOpenWindows":true,"javascriptEnabled":true,"loadImages":true,"localToRemoteUrlAccessEnabled":false,"userAgent":"Mozilla/5.0 (Windows NT 6.2; WOW64) AppleWebKit/538.1 (KHTML, like Gecko) PhantomJS/2.1.1 Safari/538.1","webSecurityEnabled":true}
[INFO  - 2018-06-07T21:58:17.981Z] Session [e2a67690-6a9d-11e8-9a30-15a1ec5f9ae5] - page.customHeaders:  - {}
[INFO  - 2018-06-07T21:58:17.982Z] Session [e2a67690-6a9d-11e8-9a30-15a1ec5f9ae5] - Session.negotiatedCapabilities - {"browserName":"phantomjs","version":"2.1.1","driverName":"ghostdriver","driverVersion":"1.2.0","platform":"windows-10-32bit","javascriptEnabled":true,"takesScreenshot":true,"handlesAlerts":false,"databaseEnabled":false,"locationContextEnabled":false,"applicationCacheEnabled":false,"browserConnectionEnabled":false,"cssSelectorsEnabled":true,"webStorageEnabled":false,"rotatable":false,"acceptSslCerts":false,"nativeEvents":true,"proxy":{"proxyType":"direct"}}
[INFO  - 2018-06-07T21:58:17.982Z] SessionManagerReqHand - _postNewSessionCommand - New Session Created: e2a67690-6a9d-11e8-9a30-15a1ec5f9ae5
[INFO  - 2018-06-07T21:58:28.574Z] ShutdownReqHand - _handle - About to shutdown
[INFO  - 2018-06-07T21:58:30.580Z] GhostDriver - Main - running on port 46692
[INFO  - 2018-06-07T21:58:30.749Z] Session [ea415500-6a9d-11e8-b463-bb694da07581] - page.settings - {"XSSAuditingEnabled":false,"javascriptCanCloseWindows":true,"javascriptCanOpenWindows":true,"javascriptEnabled":true,"loadImages":true,"localToRemoteUrlAccessEnabled":false,"userAgent":"Mozilla/5.0 (Windows NT 6.2; WOW64) AppleWebKit/538.1 (KHTML, like Gecko) PhantomJS/2.1.1 Safari/538.1","webSecurityEnabled":true}
[INFO  - 2018-06-07T21:58:30.749Z] Session [ea415500-6a9d-11e8-b463-bb694da07581] - page.customHeaders:  - {}
[INFO  - 2018-06-07T21:58:30.749Z] Session [ea415500-6a9d-11e8-b463-bb694da07581] - Session.negotiatedCapabilities - {"browserName":"phantomjs","version":"2.1.1","driverName":"ghostdriver","driverVersion":"1.2.0","platform":"windows-10-32bit","javascriptEnabled":true,"takesScreenshot":true,"handlesAlerts":false,"databaseEnabled":false,"locationContextEnabled":false,"applicationCacheEnabled":false,"browserConnectionEnabled":false,"cssSelectorsEnabled":true,"webStorageEnabled":false,"rotatable":false,"acceptSslCerts":false,"nativeEvents":true,"proxy":{"proxyType":"direct"}}
[INFO  - 2018-06-07T21:58:30.749Z] SessionManagerReqHand - _postNewSessionCommand - New Session Created: ea415500-6a9d-11e8-b463-bb694da07581
[INFO  - 2018-06-07T21:58:52.573Z] ShutdownReqHand - _handle - About to shutdown
[INFO  - 2018-06-07T22:02:38.250Z] GhostDriver - Main - running on port 20708
[INFO  - 2018-06-07T22:02:38.629Z] Session [7e023110-6a9e-11e8-809a-83599237a67a] - page.settings - {"XSSAuditingEnabled":false,"javascriptCanCloseWindows":true,"javascriptCanOpenWindows":true,"javascriptEnabled":true,"loadImages":true,"localToRemoteUrlAccessEnabled":false,"userAgent":"Mozilla/5.0 (Windows NT 6.2; WOW64) AppleWebKit/538.1 (KHTML, like Gecko) PhantomJS/2.1.1 Safari/538.1","webSecurityEnabled":true}
[INFO  - 2018-06-07T22:02:38.630Z] Session [7e023110-6a9e-11e8-809a-83599237a67a] - page.customHeaders:  - {}
[INFO  - 2018-06-07T22:02:38.630Z] Session [7e023110-6a9e-11e8-809a-83599237a67a] - Session.negotiatedCapabilities - {"browserName":"phantomjs","version":"2.1.1","driverName":"ghostdriver","driverVersion":"1.2.0","platform":"windows-10-32bit","javascriptEnabled":true,"takesScreenshot":true,"handlesAlerts":false,"databaseEnabled":false,"locationContextEnabled":false,"applicationCacheEnabled":false,"browserConnectionEnabled":false,"cssSelectorsEnabled":true,"webStorageEnabled":false,"rotatable":false,"acceptSslCerts":false,"nativeEvents":true,"proxy":{"proxyType":"direct"}}
[INFO  - 2018-06-07T22:02:38.630Z] SessionManagerReqHand - _postNewSessionCommand - New Session Created: 7e023110-6a9e-11e8-809a-83599237a67a
[INFO  - 2018-06-07T22:02:47.697Z] ShutdownReqHand - _handle - About to shutdown
[INFO  - 2018-06-07T22:02:49.721Z] GhostDriver - Main - running on port 47858
[INFO  - 2018-06-07T22:02:49.826Z] Session [84ae90d0-6a9e-11e8-b1c5-eb42acbb4d04] - page.settings - {"XSSAuditingEnabled":false,"javascriptCanCloseWindows":true,"javascriptCanOpenWindows":true,"javascriptEnabled":true,"loadImages":true,"localToRemoteUrlAccessEnabled":false,"userAgent":"Mozilla/5.0 (Windows NT 6.2; WOW64) AppleWebKit/538.1 (KHTML, like Gecko) PhantomJS/2.1.1 Safari/538.1","webSecurityEnabled":true}
[INFO  - 2018-06-07T22:02:49.826Z] Session [84ae90d0-6a9e-11e8-b1c5-eb42acbb4d04] - page.customHeaders:  - {}
[INFO  - 2018-06-07T22:02:49.826Z] Session [84ae90d0-6a9e-11e8-b1c5-eb42acbb4d04] - Session.negotiatedCapabilities - {"browserName":"phantomjs","version":"2.1.1","driverName":"ghostdriver","driverVersion":"1.2.0","platform":"windows-10-32bit","javascriptEnabled":true,"takesScreenshot":true,"handlesAlerts":false,"databaseEnabled":false,"locationContextEnabled":false,"applicationCacheEnabled":false,"browserConnectionEnabled":false,"cssSelectorsEnabled":true,"webStorageEnabled":false,"rotatable":false,"acceptSslCerts":false,"nativeEvents":true,"proxy":{"proxyType":"direct"}}
[INFO  - 2018-06-07T22:02:49.826Z] SessionManagerReqHand - _postNewSessionCommand - New Session Created: 84ae90d0-6a9e-11e8-b1c5-eb42acbb4d04
[INFO  - 2018-06-07T22:03:11.005Z] ShutdownReqHand - _handle - About to shutdown
[INFO  - 2018-06-07T22:06:05.509Z] GhostDriver - Main - running on port 20895
[INFO  - 2018-06-07T22:06:05.875Z] Session [f9896bf0-6a9e-11e8-bcd2-f96f7eaa2d82] - page.settings - {"XSSAuditingEnabled":false,"javascriptCanCloseWindows":true,"javascriptCanOpenWindows":true,"javascriptEnabled":true,"loadImages":true,"localToRemoteUrlAccessEnabled":false,"userAgent":"Mozilla/5.0 (Windows NT 6.2; WOW64) AppleWebKit/538.1 (KHTML, like Gecko) PhantomJS/2.1.1 Safari/538.1","webSecurityEnabled":true}
[INFO  - 2018-06-07T22:06:05.875Z] Session [f9896bf0-6a9e-11e8-bcd2-f96f7eaa2d82] - page.customHeaders:  - {}
[INFO  - 2018-06-07T22:06:05.875Z] Session [f9896bf0-6a9e-11e8-bcd2-f96f7eaa2d82] - Session.negotiatedCapabilities - {"browserName":"phantomjs","version":"2.1.1","driverName":"ghostdriver","driverVersion":"1.2.0","platform":"windows-10-32bit","javascriptEnabled":true,"takesScreenshot":true,"handlesAlerts":false,"databaseEnabled":false,"locationContextEnabled":false,"applicationCacheEnabled":false,"browserConnectionEnabled":false,"cssSelectorsEnabled":true,"webStorageEnabled":false,"rotatable":false,"acceptSslCerts":false,"nativeEvents":true,"proxy":{"proxyType":"direct"}}
[INFO  - 2018-06-07T22:06:05.875Z] SessionManagerReqHand - _postNewSessionCommand - New Session Created: f9896bf0-6a9e-11e8-bcd2-f96f7eaa2d82
[INFO  - 2018-06-07T22:06:16.027Z] ShutdownReqHand - _handle - About to shutdown
[INFO  - 2018-06-07T22:06:17.977Z] GhostDriver - Main - running on port 8740
[INFO  - 2018-06-07T22:06:18.179Z] Session [00de19a0-6a9f-11e8-aeb9-e3c353af6596] - page.settings - {"XSSAuditingEnabled":false,"javascriptCanCloseWindows":true,"javascriptCanOpenWindows":true,"javascriptEnabled":true,"loadImages":true,"localToRemoteUrlAccessEnabled":false,"userAgent":"Mozilla/5.0 (Windows NT 6.2; WOW64) AppleWebKit/538.1 (KHTML, like Gecko) PhantomJS/2.1.1 Safari/538.1","webSecurityEnabled":true}
[INFO  - 2018-06-07T22:06:18.179Z] Session [00de19a0-6a9f-11e8-aeb9-e3c353af6596] - page.customHeaders:  - {}
[INFO  - 2018-06-07T22:06:18.180Z] Session [00de19a0-6a9f-11e8-aeb9-e3c353af6596] - Session.negotiatedCapabilities - {"browserName":"phantomjs","version":"2.1.1","driverName":"ghostdriver","driverVersion":"1.2.0","platform":"windows-10-32bit","javascriptEnabled":true,"takesScreenshot":true,"handlesAlerts":false,"databaseEnabled":false,"locationContextEnabled":false,"applicationCacheEnabled":false,"browserConnectionEnabled":false,"cssSelectorsEnabled":true,"webStorageEnabled":false,"rotatable":false,"acceptSslCerts":false,"nativeEvents":true,"proxy":{"proxyType":"direct"}}
[INFO  - 2018-06-07T22:06:18.180Z] SessionManagerReqHand - _postNewSessionCommand - New Session Created: 00de19a0-6a9f-11e8-aeb9-e3c353af6596
[INFO  - 2018-06-07T22:06:40.029Z] ShutdownReqHand - _handle - About to shutdown
[INFO  - 2018-06-08T12:26:08.055Z] GhostDriver - Main - running on port 5716
[INFO  - 2018-06-08T12:26:08.441Z] Session [1f0ff740-6b17-11e8-8ccb-4193dcdb08a8] - page.settings - {"XSSAuditingEnabled":false,"javascriptCanCloseWindows":true,"javascriptCanOpenWindows":true,"javascriptEnabled":true,"loadImages":true,"localToRemoteUrlAccessEnabled":false,"userAgent":"Mozilla/5.0 (Windows NT 6.2; WOW64) AppleWebKit/538.1 (KHTML, like Gecko) PhantomJS/2.1.1 Safari/538.1","webSecurityEnabled":true}
[INFO  - 2018-06-08T12:26:08.441Z] Session [1f0ff740-6b17-11e8-8ccb-4193dcdb08a8] - page.customHeaders:  - {}
[INFO  - 2018-06-08T12:26:08.441Z] Session [1f0ff740-6b17-11e8-8ccb-4193dcdb08a8] - Session.negotiatedCapabilities - {"browserName":"phantomjs","version":"2.1.1","driverName":"ghostdriver","driverVersion":"1.2.0","platform":"windows-10-32bit","javascriptEnabled":true,"takesScreenshot":true,"handlesAlerts":false,"databaseEnabled":false,"locationContextEnabled":false,"applicationCacheEnabled":false,"browserConnectionEnabled":false,"cssSelectorsEnabled":true,"webStorageEnabled":false,"rotatable":false,"acceptSslCerts":false,"nativeEvents":true,"proxy":{"proxyType":"direct"}}
[INFO  - 2018-06-08T12:26:08.441Z] SessionManagerReqHand - _postNewSessionCommand - New Session Created: 1f0ff740-6b17-11e8-8ccb-4193dcdb08a8
[INFO  - 2018-06-08T12:26:28.207Z] ShutdownReqHand - _handle - About to shutdown
[INFO  - 2018-06-08T12:26:30.181Z] GhostDriver - Main - running on port 13387
[INFO  - 2018-06-08T12:26:30.344Z] Session [2c1da400-6b17-11e8-b866-d5c538188432] - page.settings - {"XSSAuditingEnabled":false,"javascriptCanCloseWindows":true,"javascriptCanOpenWindows":true,"javascriptEnabled":true,"loadImages":true,"localToRemoteUrlAccessEnabled":false,"userAgent":"Mozilla/5.0 (Windows NT 6.2; WOW64) AppleWebKit/538.1 (KHTML, like Gecko) PhantomJS/2.1.1 Safari/538.1","webSecurityEnabled":true}
[INFO  - 2018-06-08T12:26:30.345Z] Session [2c1da400-6b17-11e8-b866-d5c538188432] - page.customHeaders:  - {}
[INFO  - 2018-06-08T12:26:30.345Z] Session [2c1da400-6b17-11e8-b866-d5c538188432] - Session.negotiatedCapabilities - {"browserName":"phantomjs","version":"2.1.1","driverName":"ghostdriver","driverVersion":"1.2.0","platform":"windows-10-32bit","javascriptEnabled":true,"takesScreenshot":true,"handlesAlerts":false,"databaseEnabled":false,"locationContextEnabled":false,"applicationCacheEnabled":false,"browserConnectionEnabled":false,"cssSelectorsEnabled":true,"webStorageEnabled":false,"rotatable":false,"acceptSslCerts":false,"nativeEvents":true,"proxy":{"proxyType":"direct"}}
[INFO  - 2018-06-08T12:26:30.345Z] SessionManagerReqHand - _postNewSessionCommand - New Session Created: 2c1da400-6b17-11e8-b866-d5c538188432
[INFO  - 2018-06-08T12:26:42.130Z] ShutdownReqHand - _handle - About to shutdown
[INFO  - 2018-06-08T12:30:18.505Z] GhostDriver - Main - running on port 30505
[INFO  - 2018-06-08T12:30:18.906Z] Session [b459e450-6b17-11e8-a85f-a3dc2a561c07] - page.settings - {"XSSAuditingEnabled":false,"javascriptCanCloseWindows":true,"javascriptCanOpenWindows":true,"javascriptEnabled":true,"loadImages":true,"localToRemoteUrlAccessEnabled":false,"userAgent":"Mozilla/5.0 (Windows NT 6.2; WOW64) AppleWebKit/538.1 (KHTML, like Gecko) PhantomJS/2.1.1 Safari/538.1","webSecurityEnabled":true}
[INFO  - 2018-06-08T12:30:18.906Z] Session [b459e450-6b17-11e8-a85f-a3dc2a561c07] - page.customHeaders:  - {}
[INFO  - 2018-06-08T12:30:18.906Z] Session [b459e450-6b17-11e8-a85f-a3dc2a561c07] - Session.negotiatedCapabilities - {"browserName":"phantomjs","version":"2.1.1","driverName":"ghostdriver","driverVersion":"1.2.0","platform":"windows-10-32bit","javascriptEnabled":true,"takesScreenshot":true,"handlesAlerts":false,"databaseEnabled":false,"locationContextEnabled":false,"applicationCacheEnabled":false,"browserConnectionEnabled":false,"cssSelectorsEnabled":true,"webStorageEnabled":false,"rotatable":false,"acceptSslCerts":false,"nativeEvents":true,"proxy":{"proxyType":"direct"}}
[INFO  - 2018-06-08T12:30:18.906Z] SessionManagerReqHand - _postNewSessionCommand - New Session Created: b459e450-6b17-11e8-a85f-a3dc2a561c07
[INFO  - 2018-06-08T12:30:33.279Z] ShutdownReqHand - _handle - About to shutdown
[INFO  - 2018-06-08T12:30:35.281Z] GhostDriver - Main - running on port 10758
[INFO  - 2018-06-08T12:30:35.413Z] Session [be30d010-6b17-11e8-bd8a-f15370db89f8] - page.settings - {"XSSAuditingEnabled":false,"javascriptCanCloseWindows":true,"javascriptCanOpenWindows":true,"javascriptEnabled":true,"loadImages":true,"localToRemoteUrlAccessEnabled":false,"userAgent":"Mozilla/5.0 (Windows NT 6.2; WOW64) AppleWebKit/538.1 (KHTML, like Gecko) PhantomJS/2.1.1 Safari/538.1","webSecurityEnabled":true}
[INFO  - 2018-06-08T12:30:35.413Z] Session [be30d010-6b17-11e8-bd8a-f15370db89f8] - page.customHeaders:  - {}
[INFO  - 2018-06-08T12:30:35.413Z] Session [be30d010-6b17-11e8-bd8a-f15370db89f8] - Session.negotiatedCapabilities - {"browserName":"phantomjs","version":"2.1.1","driverName":"ghostdriver","driverVersion":"1.2.0","platform":"windows-10-32bit","javascriptEnabled":true,"takesScreenshot":true,"handlesAlerts":false,"databaseEnabled":false,"locationContextEnabled":false,"applicationCacheEnabled":false,"browserConnectionEnabled":false,"cssSelectorsEnabled":true,"webStorageEnabled":false,"rotatable":false,"acceptSslCerts":false,"nativeEvents":true,"proxy":{"proxyType":"direct"}}
[INFO  - 2018-06-08T12:30:35.414Z] SessionManagerReqHand - _postNewSessionCommand - New Session Created: be30d010-6b17-11e8-bd8a-f15370db89f8
[ERROR - 2018-06-08T12:30:44.824Z] WebElementLocator - _handleLocateCommand - Element(s) NOT Found: GAVE UP. Search Stop Time: 1528461044782
[INFO  - 2018-06-08T12:30:48.037Z] ShutdownReqHand - _handle - About to shutdown
[INFO  - 2018-06-08T12:32:46.070Z] GhostDriver - Main - running on port 40058
[INFO  - 2018-06-08T12:32:46.480Z] Session [0c4fe5b0-6b18-11e8-b6cc-3d6a11bd1517] - page.settings - {"XSSAuditingEnabled":false,"javascriptCanCloseWindows":true,"javascriptCanOpenWindows":true,"javascriptEnabled":true,"loadImages":true,"localToRemoteUrlAccessEnabled":false,"userAgent":"Mozilla/5.0 (Windows NT 6.2; WOW64) AppleWebKit/538.1 (KHTML, like Gecko) PhantomJS/2.1.1 Safari/538.1","webSecurityEnabled":true}
[INFO  - 2018-06-08T12:32:46.480Z] Session [0c4fe5b0-6b18-11e8-b6cc-3d6a11bd1517] - page.customHeaders:  - {}
[INFO  - 2018-06-08T12:32:46.480Z] Session [0c4fe5b0-6b18-11e8-b6cc-3d6a11bd1517] - Session.negotiatedCapabilities - {"browserName":"phantomjs","version":"2.1.1","driverName":"ghostdriver","driverVersion":"1.2.0","platform":"windows-10-32bit","javascriptEnabled":true,"takesScreenshot":true,"handlesAlerts":false,"databaseEnabled":false,"locationContextEnabled":false,"applicationCacheEnabled":false,"browserConnectionEnabled":false,"cssSelectorsEnabled":true,"webStorageEnabled":false,"rotatable":false,"acceptSslCerts":false,"nativeEvents":true,"proxy":{"proxyType":"direct"}}
[INFO  - 2018-06-08T12:32:46.480Z] SessionManagerReqHand - _postNewSessionCommand - New Session Created: 0c4fe5b0-6b18-11e8-b6cc-3d6a11bd1517
[INFO  - 2018-06-08T12:32:56.019Z] ShutdownReqHand - _handle - About to shutdown
[INFO  - 2018-06-08T12:32:58.002Z] GhostDriver - Main - running on port 27027
[INFO  - 2018-06-08T12:32:58.163Z] Session [13466dd0-6b18-11e8-9d14-3dc4a1c34308] - page.settings - {"XSSAuditingEnabled":false,"javascriptCanCloseWindows":true,"javascriptCanOpenWindows":true,"javascriptEnabled":true,"loadImages":true,"localToRemoteUrlAccessEnabled":false,"userAgent":"Mozilla/5.0 (Windows NT 6.2; WOW64) AppleWebKit/538.1 (KHTML, like Gecko) PhantomJS/2.1.1 Safari/538.1","webSecurityEnabled":true}
[INFO  - 2018-06-08T12:32:58.163Z] Session [13466dd0-6b18-11e8-9d14-3dc4a1c34308] - page.customHeaders:  - {}
[INFO  - 2018-06-08T12:32:58.164Z] Session [13466dd0-6b18-11e8-9d14-3dc4a1c34308] - Session.negotiatedCapabilities - {"browserName":"phantomjs","version":"2.1.1","driverName":"ghostdriver","driverVersion":"1.2.0","platform":"windows-10-32bit","javascriptEnabled":true,"takesScreenshot":true,"handlesAlerts":false,"databaseEnabled":false,"locationContextEnabled":false,"applicationCacheEnabled":false,"browserConnectionEnabled":false,"cssSelectorsEnabled":true,"webStorageEnabled":false,"rotatable":false,"acceptSslCerts":false,"nativeEvents":true,"proxy":{"proxyType":"direct"}}
[INFO  - 2018-06-08T12:32:58.164Z] SessionManagerReqHand - _postNewSessionCommand - New Session Created: 13466dd0-6b18-11e8-9d14-3dc4a1c34308
[ERROR - 2018-06-08T12:33:06.318Z] WebElementLocator - _handleLocateCommand - Element(s) NOT Found: GAVE UP. Search Stop Time: 1528461186263
[INFO  - 2018-06-08T12:33:09.554Z] ShutdownReqHand - _handle - About to shutdown
[INFO  - 2018-06-08T12:33:59.699Z] GhostDriver - Main - running on port 4379
[INFO  - 2018-06-08T12:34:00.112Z] Session [383366c0-6b18-11e8-9529-9bef4fb2428b] - page.settings - {"XSSAuditingEnabled":false,"javascriptCanCloseWindows":true,"javascriptCanOpenWindows":true,"javascriptEnabled":true,"loadImages":true,"localToRemoteUrlAccessEnabled":false,"userAgent":"Mozilla/5.0 (Windows NT 6.2; WOW64) AppleWebKit/538.1 (KHTML, like Gecko) PhantomJS/2.1.1 Safari/538.1","webSecurityEnabled":true}
[INFO  - 2018-06-08T12:34:00.112Z] Session [383366c0-6b18-11e8-9529-9bef4fb2428b] - page.customHeaders:  - {}
[INFO  - 2018-06-08T12:34:00.113Z] Session [383366c0-6b18-11e8-9529-9bef4fb2428b] - Session.negotiatedCapabilities - {"browserName":"phantomjs","version":"2.1.1","driverName":"ghostdriver","driverVersion":"1.2.0","platform":"windows-10-32bit","javascriptEnabled":true,"takesScreenshot":true,"handlesAlerts":false,"databaseEnabled":false,"locationContextEnabled":false,"applicationCacheEnabled":false,"browserConnectionEnabled":false,"cssSelectorsEnabled":true,"webStorageEnabled":false,"rotatable":false,"acceptSslCerts":false,"nativeEvents":true,"proxy":{"proxyType":"direct"}}
[INFO  - 2018-06-08T12:34:00.113Z] SessionManagerReqHand - _postNewSessionCommand - New Session Created: 383366c0-6b18-11e8-9529-9bef4fb2428b
[INFO  - 2018-06-08T12:34:16.756Z] ShutdownReqHand - _handle - About to shutdown
[INFO  - 2018-06-08T12:34:18.734Z] GhostDriver - Main - running on port 8494
[INFO  - 2018-06-08T12:34:18.915Z] Session [43679890-6b18-11e8-83d8-37ff19f50488] - page.settings - {"XSSAuditingEnabled":false,"javascriptCanCloseWindows":true,"javascriptCanOpenWindows":true,"javascriptEnabled":true,"loadImages":true,"localToRemoteUrlAccessEnabled":false,"userAgent":"Mozilla/5.0 (Windows NT 6.2; WOW64) AppleWebKit/538.1 (KHTML, like Gecko) PhantomJS/2.1.1 Safari/538.1","webSecurityEnabled":true}
[INFO  - 2018-06-08T12:34:18.915Z] Session [43679890-6b18-11e8-83d8-37ff19f50488] - page.customHeaders:  - {}
[INFO  - 2018-06-08T12:34:18.915Z] Session [43679890-6b18-11e8-83d8-37ff19f50488] - Session.negotiatedCapabilities - {"browserName":"phantomjs","version":"2.1.1","driverName":"ghostdriver","driverVersion":"1.2.0","platform":"windows-10-32bit","javascriptEnabled":true,"takesScreenshot":true,"handlesAlerts":false,"databaseEnabled":false,"locationContextEnabled":false,"applicationCacheEnabled":false,"browserConnectionEnabled":false,"cssSelectorsEnabled":true,"webStorageEnabled":false,"rotatable":false,"acceptSslCerts":false,"nativeEvents":true,"proxy":{"proxyType":"direct"}}
[INFO  - 2018-06-08T12:34:18.916Z] SessionManagerReqHand - _postNewSessionCommand - New Session Created: 43679890-6b18-11e8-83d8-37ff19f50488
[ERROR - 2018-06-08T12:34:27.891Z] WebElementLocator - _handleLocateCommand - Element(s) NOT Found: GAVE UP. Search Stop Time: 1528461267880
[ERROR - 2018-06-08T12:34:30.461Z] WebElementLocator - _handleLocateCommand - Element(s) NOT Found: GAVE UP. Search Stop Time: 1528461270415
[ERROR - 2018-06-08T12:34:33.041Z] WebElementLocator - _handleLocateCommand - Element(s) NOT Found: GAVE UP. Search Stop Time: 1528461272987
[ERROR - 2018-06-08T12:34:35.604Z] WebElementLocator - _handleLocateCommand - Element(s) NOT Found: GAVE UP. Search Stop Time: 1528461275556
[ERROR - 2018-06-08T12:34:38.193Z] WebElementLocator - _handleLocateCommand - Element(s) NOT Found: GAVE UP. Search Stop Time: 1528461278140
[ERROR - 2018-06-08T12:34:40.756Z] WebElementLocator - _handleLocateCommand - Element(s) NOT Found: GAVE UP. Search Stop Time: 1528461280713
[ERROR - 2018-06-08T12:34:43.350Z] WebElementLocator - _handleLocateCommand - Element(s) NOT Found: GAVE UP. Search Stop Time: 1528461283311
[ERROR - 2018-06-08T12:34:45.931Z] WebElementLocator - _handleLocateCommand - Element(s) NOT Found: GAVE UP. Search Stop Time: 1528461285881
[ERROR - 2018-06-08T12:34:48.530Z] WebElementLocator - _handleLocateCommand - Element(s) NOT Found: GAVE UP. Search Stop Time: 1528461288471
[INFO  - 2018-06-08T12:34:53.279Z] ShutdownReqHand - _handle - About to shutdown
[INFO  - 2018-06-08T12:37:00.487Z] GhostDriver - Main - running on port 8562
[INFO  - 2018-06-08T12:37:00.873Z] Session [a3f15750-6b18-11e8-b9cc-e39bf66a5d8e] - page.settings - {"XSSAuditingEnabled":false,"javascriptCanCloseWindows":true,"javascriptCanOpenWindows":true,"javascriptEnabled":true,"loadImages":true,"localToRemoteUrlAccessEnabled":false,"userAgent":"Mozilla/5.0 (Windows NT 6.2; WOW64) AppleWebKit/538.1 (KHTML, like Gecko) PhantomJS/2.1.1 Safari/538.1","webSecurityEnabled":true}
[INFO  - 2018-06-08T12:37:00.873Z] Session [a3f15750-6b18-11e8-b9cc-e39bf66a5d8e] - page.customHeaders:  - {}
[INFO  - 2018-06-08T12:37:00.873Z] Session [a3f15750-6b18-11e8-b9cc-e39bf66a5d8e] - Session.negotiatedCapabilities - {"browserName":"phantomjs","version":"2.1.1","driverName":"ghostdriver","driverVersion":"1.2.0","platform":"windows-10-32bit","javascriptEnabled":true,"takesScreenshot":true,"handlesAlerts":false,"databaseEnabled":false,"locationContextEnabled":false,"applicationCacheEnabled":false,"browserConnectionEnabled":false,"cssSelectorsEnabled":true,"webStorageEnabled":false,"rotatable":false,"acceptSslCerts":false,"nativeEvents":true,"proxy":{"proxyType":"direct"}}
[INFO  - 2018-06-08T12:37:00.873Z] SessionManagerReqHand - _postNewSessionCommand - New Session Created: a3f15750-6b18-11e8-b9cc-e39bf66a5d8e
[INFO  - 2018-06-08T12:37:11.999Z] ShutdownReqHand - _handle - About to shutdown
[INFO  - 2018-06-08T12:37:13.977Z] GhostDriver - Main - running on port 13210
[INFO  - 2018-06-08T12:37:14.170Z] Session [abdd3bf0-6b18-11e8-bd55-b79e05599682] - page.settings - {"XSSAuditingEnabled":false,"javascriptCanCloseWindows":true,"javascriptCanOpenWindows":true,"javascriptEnabled":true,"loadImages":true,"localToRemoteUrlAccessEnabled":false,"userAgent":"Mozilla/5.0 (Windows NT 6.2; WOW64) AppleWebKit/538.1 (KHTML, like Gecko) PhantomJS/2.1.1 Safari/538.1","webSecurityEnabled":true}
[INFO  - 2018-06-08T12:37:14.171Z] Session [abdd3bf0-6b18-11e8-bd55-b79e05599682] - page.customHeaders:  - {}
[INFO  - 2018-06-08T12:37:14.171Z] Session [abdd3bf0-6b18-11e8-bd55-b79e05599682] - Session.negotiatedCapabilities - {"browserName":"phantomjs","version":"2.1.1","driverName":"ghostdriver","driverVersion":"1.2.0","platform":"windows-10-32bit","javascriptEnabled":true,"takesScreenshot":true,"handlesAlerts":false,"databaseEnabled":false,"locationContextEnabled":false,"applicationCacheEnabled":false,"browserConnectionEnabled":false,"cssSelectorsEnabled":true,"webStorageEnabled":false,"rotatable":false,"acceptSslCerts":false,"nativeEvents":true,"proxy":{"proxyType":"direct"}}
[INFO  - 2018-06-08T12:37:14.171Z] SessionManagerReqHand - _postNewSessionCommand - New Session Created: abdd3bf0-6b18-11e8-bd55-b79e05599682
[INFO  - 2018-06-08T12:37:39.486Z] ShutdownReqHand - _handle - About to shutdown
[INFO  - 2018-09-03T21:40:05.400Z] GhostDriver - Main - running on port 3616
[INFO  - 2018-09-03T21:40:05.708Z] Session [ebf4d480-afc1-11e8-8769-11e9066821e2] - page.settings - {"XSSAuditingEnabled":false,"javascriptCanCloseWindows":true,"javascriptCanOpenWindows":true,"javascriptEnabled":true,"loadImages":true,"localToRemoteUrlAccessEnabled":false,"userAgent":"Mozilla/5.0 (Windows NT 6.2; WOW64) AppleWebKit/538.1 (KHTML, like Gecko) PhantomJS/2.1.1 Safari/538.1","webSecurityEnabled":true}
[INFO  - 2018-09-03T21:40:05.708Z] Session [ebf4d480-afc1-11e8-8769-11e9066821e2] - page.customHeaders:  - {}
[INFO  - 2018-09-03T21:40:05.709Z] Session [ebf4d480-afc1-11e8-8769-11e9066821e2] - Session.negotiatedCapabilities - {"browserName":"phantomjs","version":"2.1.1","driverName":"ghostdriver","driverVersion":"1.2.0","platform":"windows-10-32bit","javascriptEnabled":true,"takesScreenshot":true,"handlesAlerts":false,"databaseEnabled":false,"locationContextEnabled":false,"applicationCacheEnabled":false,"browserConnectionEnabled":false,"cssSelectorsEnabled":true,"webStorageEnabled":false,"rotatable":false,"acceptSslCerts":false,"nativeEvents":true,"proxy":{"proxyType":"direct"}}
[INFO  - 2018-09-03T21:40:05.709Z] SessionManagerReqHand - _postNewSessionCommand - New Session Created: ebf4d480-afc1-11e8-8769-11e9066821e2
[INFO  - 2018-09-03T21:40:40.279Z] ShutdownReqHand - _handle - About to shutdown
[INFO  - 2018-09-03T21:40:42.254Z] GhostDriver - Main - running on port 32123
[INFO  - 2018-09-03T21:40:42.447Z] Session [01da7390-afc2-11e8-a1f7-7b53c7665ccb] - page.settings - {"XSSAuditingEnabled":false,"javascriptCanCloseWindows":true,"javascriptCanOpenWindows":true,"javascriptEnabled":true,"loadImages":true,"localToRemoteUrlAccessEnabled":false,"userAgent":"Mozilla/5.0 (Windows NT 6.2; WOW64) AppleWebKit/538.1 (KHTML, like Gecko) PhantomJS/2.1.1 Safari/538.1","webSecurityEnabled":true}
[INFO  - 2018-09-03T21:40:42.448Z] Session [01da7390-afc2-11e8-a1f7-7b53c7665ccb] - page.customHeaders:  - {}
[INFO  - 2018-09-03T21:40:42.448Z] Session [01da7390-afc2-11e8-a1f7-7b53c7665ccb] - Session.negotiatedCapabilities - {"browserName":"phantomjs","version":"2.1.1","driverName":"ghostdriver","driverVersion":"1.2.0","platform":"windows-10-32bit","javascriptEnabled":true,"takesScreenshot":true,"handlesAlerts":false,"databaseEnabled":false,"locationContextEnabled":false,"applicationCacheEnabled":false,"browserConnectionEnabled":false,"cssSelectorsEnabled":true,"webStorageEnabled":false,"rotatable":false,"acceptSslCerts":false,"nativeEvents":true,"proxy":{"proxyType":"direct"}}
[INFO  - 2018-09-03T21:40:42.448Z] SessionManagerReqHand - _postNewSessionCommand - New Session Created: 01da7390-afc2-11e8-a1f7-7b53c7665ccb
[ERROR - 2018-09-03T21:41:17.727Z] WebElementLocator - _handleLocateCommand - Element(s) NOT Found: GAVE UP. Search Stop Time: 1536010877674
[INFO  - 2018-09-03T21:41:20.675Z] ShutdownReqHand - _handle - About to shutdown
[INFO  - 2018-09-03T22:22:09.070Z] GhostDriver - Main - running on port 46874
[INFO  - 2018-09-03T22:22:09.458Z] Session [cc3a84e0-afc7-11e8-b4d6-558ac4b204cf] - page.settings - {"XSSAuditingEnabled":false,"javascriptCanCloseWindows":true,"javascriptCanOpenWindows":true,"javascriptEnabled":true,"loadImages":true,"localToRemoteUrlAccessEnabled":false,"userAgent":"Mozilla/5.0 (Windows NT 6.2; WOW64) AppleWebKit/538.1 (KHTML, like Gecko) PhantomJS/2.1.1 Safari/538.1","webSecurityEnabled":true}
[INFO  - 2018-09-03T22:22:09.458Z] Session [cc3a84e0-afc7-11e8-b4d6-558ac4b204cf] - page.customHeaders:  - {}
[INFO  - 2018-09-03T22:22:09.458Z] Session [cc3a84e0-afc7-11e8-b4d6-558ac4b204cf] - Session.negotiatedCapabilities - {"browserName":"phantomjs","version":"2.1.1","driverName":"ghostdriver","driverVersion":"1.2.0","platform":"windows-10-32bit","javascriptEnabled":true,"takesScreenshot":true,"handlesAlerts":false,"databaseEnabled":false,"locationContextEnabled":false,"applicationCacheEnabled":false,"browserConnectionEnabled":false,"cssSelectorsEnabled":true,"webStorageEnabled":false,"rotatable":false,"acceptSslCerts":false,"nativeEvents":true,"proxy":{"proxyType":"direct"}}
[INFO  - 2018-09-03T22:22:09.458Z] SessionManagerReqHand - _postNewSessionCommand - New Session Created: cc3a84e0-afc7-11e8-b4d6-558ac4b204cf
[INFO  - 2018-09-03T22:22:30.828Z] ShutdownReqHand - _handle - About to shutdown
[INFO  - 2018-09-03T22:22:32.781Z] GhostDriver - Main - running on port 36913
[INFO  - 2018-09-03T22:22:33.003Z] Session [da42be40-afc7-11e8-91ae-01390865e2f7] - page.settings - {"XSSAuditingEnabled":false,"javascriptCanCloseWindows":true,"javascriptCanOpenWindows":true,"javascriptEnabled":true,"loadImages":true,"localToRemoteUrlAccessEnabled":false,"userAgent":"Mozilla/5.0 (Windows NT 6.2; WOW64) AppleWebKit/538.1 (KHTML, like Gecko) PhantomJS/2.1.1 Safari/538.1","webSecurityEnabled":true}
[INFO  - 2018-09-03T22:22:33.003Z] Session [da42be40-afc7-11e8-91ae-01390865e2f7] - page.customHeaders:  - {}
[INFO  - 2018-09-03T22:22:33.003Z] Session [da42be40-afc7-11e8-91ae-01390865e2f7] - Session.negotiatedCapabilities - {"browserName":"phantomjs","version":"2.1.1","driverName":"ghostdriver","driverVersion":"1.2.0","platform":"windows-10-32bit","javascriptEnabled":true,"takesScreenshot":true,"handlesAlerts":false,"databaseEnabled":false,"locationContextEnabled":false,"applicationCacheEnabled":false,"browserConnectionEnabled":false,"cssSelectorsEnabled":true,"webStorageEnabled":false,"rotatable":false,"acceptSslCerts":false,"nativeEvents":true,"proxy":{"proxyType":"direct"}}
[INFO  - 2018-09-03T22:22:33.004Z] SessionManagerReqHand - _postNewSessionCommand - New Session Created: da42be40-afc7-11e8-91ae-01390865e2f7
[INFO  - 2018-09-03T22:23:12.999Z] ShutdownReqHand - _handle - About to shutdown
